app/build/outputs/logs/manifest-merger-develop-debug-report.txt
-- Merging decision tree log ---
manifest
ADDED from src/main/AndroidManifest.xml:2:1-135:12
	package
		ADDED from src/main/AndroidManifest.xml:3:5-31
		INJECTED from src/main/AndroidManifest.xml
		INJECTED from src/main/AndroidManifest.xml
	android:versionName
		INJECTED from src/main/AndroidManifest.xml
		INJECTED from src/main/AndroidManifest.xml
	xmlns:android
		ADDED from src/main/AndroidManifest.xml:2:11-69
	android:versionCode
		INJECTED from src/main/AndroidManifest.xml
		INJECTED from src/main/AndroidManifest.xml
application
ADDED from src/main/AndroidManifest.xml:5:5-114:19
MERGED from [Japan_android_GP:pullToRefresh:unspecified] AndroidManifest.xml:11:5-20
MERGED from [Japan_android_GP:ProgressWheel:unspecified] AndroidManifest.xml:11:5-20
	android:label
		ADDED from src/main/AndroidManifest.xml:9:9-35
		INJECTED from src/main/AndroidManifest.xml
	android:allowBackup
		ADDED from src/main/AndroidManifest.xml:7:9-36
	android:icon
		ADDED from src/main/AndroidManifest.xml:8:9-31
		INJECTED from src/main/AndroidManifest.xml
	allowTaskReparenting
		ADDED from src/main/AndroidManifest.xml:6:9-37
activity#jp.faraopro.play.act.IntentReceiver
ADDED from src/main/AndroidManifest.xml:12:9-57:20
	android:screenOrientation
		ADDED from src/main/AndroidManifest.xml:15:13-49
	android:launchMode
		ADDED from src/main/AndroidManifest.xml:14:13-42
	android:theme
		ADDED from src/main/AndroidManifest.xml:16:13-72
	android:name
		ADDED from src/main/AndroidManifest.xml:13:13-47
intent-filter#android.intent.action.VIEW+android.intent.category.BROWSABLE+android.intent.category.DEFAULT
ADDED from src/main/AndroidManifest.xml:17:13-26:29
action#android.intent.action.VIEW
ADDED from src/main/AndroidManifest.xml:18:17-69
	android:name
		ADDED from src/main/AndroidManifest.xml:18:25-66
category#android.intent.category.DEFAULT
ADDED from src/main/AndroidManifest.xml:20:17-76
	android:name
		ADDED from src/main/AndroidManifest.xml:20:27-73
category#android.intent.category.BROWSABLE
ADDED from src/main/AndroidManifest.xml:21:17-78
	android:name
		ADDED from src/main/AndroidManifest.xml:21:27-75
data
ADDED from src/main/AndroidManifest.xml:23:17-25:51
	android:host
		ADDED from src/main/AndroidManifest.xml:24:21-41
	android:scheme
		ADDED from src/main/AndroidManifest.xml:25:21-48
activity#jp.faraopro.play.act.newone.BootActivity
ADDED from src/main/AndroidManifest.xml:58:9-68:20
	android:screenOrientation
		ADDED from src/main/AndroidManifest.xml:61:13-49
	android:launchMode
		ADDED from src/main/AndroidManifest.xml:60:13-42
	android:theme
		ADDED from src/main/AndroidManifest.xml:62:13-53
	android:name
		ADDED from src/main/AndroidManifest.xml:59:13-68
intent-filter#android.intent.action.MAIN+android.intent.category.LAUNCHER
ADDED from src/main/AndroidManifest.xml:63:13-67:29
action#android.intent.action.MAIN
ADDED from src/main/AndroidManifest.xml:64:17-69
	android:name
		ADDED from src/main/AndroidManifest.xml:64:25-66
category#android.intent.category.LAUNCHER
ADDED from src/main/AndroidManifest.xml:66:17-77
	android:name
		ADDED from src/main/AndroidManifest.xml:66:27-74
activity#jp.faraopro.play.act.newone.LoginActivity
ADDED from src/main/AndroidManifest.xml:69:9-73:56
	android:screenOrientation
		ADDED from src/main/AndroidManifest.xml:72:13-49
	android:launchMode
		ADDED from src/main/AndroidManifest.xml:71:13-42
	android:theme
		ADDED from src/main/AndroidManifest.xml:73:13-53
	android:name
		ADDED from src/main/AndroidManifest.xml:70:13-69
activity#jp.faraopro.play.act.newone.MainActivity
ADDED from src/main/AndroidManifest.xml:76:9-80:56
	android:screenOrientation
		ADDED from src/main/AndroidManifest.xml:79:13-49
	android:launchMode
		ADDED from src/main/AndroidManifest.xml:78:13-42
	android:theme
		ADDED from src/main/AndroidManifest.xml:80:13-53
	android:name
		ADDED from src/main/AndroidManifest.xml:77:13-68
activity#jp.faraopro.play.act.newone.UpdateActivity
ADDED from src/main/AndroidManifest.xml:81:9-85:91
	android:screenOrientation
		ADDED from src/main/AndroidManifest.xml:84:13-49
	android:launchMode
		ADDED from src/main/AndroidManifest.xml:83:13-42
	android:theme
		ADDED from src/main/AndroidManifest.xml:85:13-88
	android:name
		ADDED from src/main/AndroidManifest.xml:82:13-70
service#jp.faraopro.play.app.FROHandler
ADDED from src/main/AndroidManifest.xml:88:9-90:41
	android:process
		ADDED from src/main/AndroidManifest.xml:90:13-38
	android:name
		ADDED from src/main/AndroidManifest.xml:89:13-43
receiver#jp.faraopro.play.act.TimerReceiver
ADDED from src/main/AndroidManifest.xml:99:9-71
	android:name
		ADDED from src/main/AndroidManifest.xml:99:19-68
receiver#jp.faraopro.play.act.PackageReceiver
ADDED from src/main/AndroidManifest.xml:100:9-111:20
	android:name
		ADDED from src/main/AndroidManifest.xml:100:19-70
intent-filter#android.intent.action.PACKAGE_REPLACED
ADDED from src/main/AndroidManifest.xml:101:13-107:29
action#android.intent.action.PACKAGE_REPLACED
ADDED from src/main/AndroidManifest.xml:102:17-81
	android:name
		ADDED from src/main/AndroidManifest.xml:102:25-78
intent-filter#android.intent.action.BOOT_COMPLETED
ADDED from src/main/AndroidManifest.xml:108:13-110:29
action#android.intent.action.BOOT_COMPLETED
ADDED from src/main/AndroidManifest.xml:109:17-79
	android:name
		ADDED from src/main/AndroidManifest.xml:109:25-76
uses-permission#android.permission.WAKE_LOCK
ADDED from src/main/AndroidManifest.xml:116:5-68
	android:name
		ADDED from src/main/AndroidManifest.xml:116:22-65
uses-permission#android.permission.WRITE_EXTERNAL_STORAGE
ADDED from src/main/AndroidManifest.xml:117:5-81
	android:name
		ADDED from src/main/AndroidManifest.xml:117:22-78
uses-permission#android.permission.INTERNET
ADDED from src/main/AndroidManifest.xml:118:5-67
	android:name
		ADDED from src/main/AndroidManifest.xml:118:22-64
uses-permission#android.permission.ACCESS_NETWORK_STATE
ADDED from src/main/AndroidManifest.xml:119:5-79
	android:name
		ADDED from src/main/AndroidManifest.xml:119:22-76
uses-permission#android.permission.CHANGE_WIFI_MULTICAST_STATE
ADDED from src/main/AndroidManifest.xml:120:5-86
	android:name
		ADDED from src/main/AndroidManifest.xml:120:22-83
uses-permission#android.permission.ACCESS_WIFI_STATE
ADDED from src/main/AndroidManifest.xml:121:5-76
	android:name
		ADDED from src/main/AndroidManifest.xml:121:22-73
uses-permission#android.permission.READ_PHONE_STATE
ADDED from src/main/AndroidManifest.xml:122:5-75
	android:name
		ADDED from src/main/AndroidManifest.xml:122:22-72
uses-permission#android.permission.GET_ACCOUNTS
ADDED from src/main/AndroidManifest.xml:123:5-71
	android:name
		ADDED from src/main/AndroidManifest.xml:123:22-68
uses-permission#android.permission.GET_TASKS
ADDED from src/main/AndroidManifest.xml:126:5-68
	android:name
		ADDED from src/main/AndroidManifest.xml:126:22-65
uses-permission#android.permission.ACCESS_FINE_LOCATION
ADDED from src/main/AndroidManifest.xml:128:5-79
	android:name
		ADDED from src/main/AndroidManifest.xml:128:22-76
uses-permission#android.permission.RECEIVE_BOOT_COMPLETED
ADDED from src/main/AndroidManifest.xml:129:5-81
	android:name
		ADDED from src/main/AndroidManifest.xml:129:22-78
uses-sdk
INJECTED from src/main/AndroidManifest.xml reason: use-sdk injection requested
MERGED from [Japan_android_GP:simonNumpicker:unspecified] AndroidManifest.xml:7:5-9:41
MERGED from [Japan_android_GP:pullToRefresh:unspecified] AndroidManifest.xml:7:5-9:40
MERGED from [Japan_android_GP:ProgressWheel:unspecified] AndroidManifest.xml:7:5-9:40
	android:targetSdkVersion
		INJECTED from src/main/AndroidManifest.xml
		INJECTED from src/main/AndroidManifest.xml
	android:minSdkVersion
		INJECTED from src/main/AndroidManifest.xml
		INJECTED from src/main/AndroidManifest.xml